Using pre-set license
Built from '2020.3/staging' branch; Version is '2020.3.18f1 (a7d1c678663c) revision 10998214'; Using compiler version '192528614'; Build Type 'Release'
OS: 'Windows 10 Pro; OS build 19042.1348; Version 2009; 64bit' Language: 'en' Physical Memory: 16131 MB
BatchMode: 1, IsHumanControllingUs: 0, StartBugReporterOnCrash: 0, Is64bit: 1, IsPro: 0

COMMAND LINE ARGUMENTS:
C:\Program Files\Unity\Hub\Editor\2020.3.18f1\Editor\Unity.exe
-adb2
-batchMode
-noUpm
-name
AssetImportWorker0
-projectPath
C:/Users/fulop/Documents/GitHub/Project-Final
-logFile
Logs/AssetImportWorker0.log
-srvPort
60332
Successfully changed project path to: C:/Users/fulop/Documents/GitHub/Project-Final
C:/Users/fulop/Documents/GitHub/Project-Final
Using Asset Import Pipeline V2.
Refreshing native plugins compatible for Editor in 26.57 ms, found 2 plugins.
Preloading 0 native plugins for Editor in 0.00 ms.
Initialize engine version: 2020.3.18f1 (a7d1c678663c)
[Subsystems] Discovering subsystems at path C:/Program Files/Unity/Hub/Editor/2020.3.18f1/Editor/Data/Resources/UnitySubsystems
[Subsystems] Discovering subsystems at path C:/Users/fulop/Documents/GitHub/Project-Final/Assets
GfxDevice: creating device client; threaded=0
Direct3D:
    Version:  Direct3D 11.0 [level 11.1]
    Renderer: NVIDIA GeForce MX250 (ID=0x1d13)
    Vendor:   
    VRAM:     1983 MB
    Driver:   30.0.14.7242
Initialize mono
Mono path[0] = 'C:/Program Files/Unity/Hub/Editor/2020.3.18f1/Editor/Data/Managed'
Mono path[1] = 'C:/Program Files/Unity/Hub/Editor/2020.3.18f1/Editor/Data/MonoBleedingEdge/lib/mono/unityjit'
Mono config path = 'C:/Program Files/Unity/Hub/Editor/2020.3.18f1/Editor/Data/MonoBleedingEdge/etc'
Using monoOptions --debugger-agent=transport=dt_socket,embedding=1,server=y,suspend=n,address=127.0.0.1:56188
Begin MonoManager ReloadAssembly
Registering precompiled unity dll's ...
Register platform support module: C:/Program Files/Unity/Hub/Editor/2020.3.18f1/Editor/Data/PlaybackEngines/WebGLSupport/UnityEditor.WebGL.Extensions.dll
Register platform support module: C:/Program Files/Unity/Hub/Editor/2020.3.18f1/Editor/Data/PlaybackEngines/WindowsStandaloneSupport/UnityEditor.WindowsStandalone.Extensions.dll
Registered in 0.001780 seconds.
Native extension for WindowsStandalone target not found
Native extension for WebGL target not found
Refreshing native plugins compatible for Editor in 24.02 ms, found 2 plugins.
Preloading 0 native plugins for Editor in 0.00 ms.
Mono: successfully reloaded assembly
- Completed reload, in  0.911 seconds
Domain Reload Profiling:
	ReloadAssembly (911ms)
		BeginReloadAssembly (45ms)
			ExecutionOrderSort (0ms)
			DisableScriptedObjects (0ms)
			BackupInstance (0ms)
			ReleaseScriptingObjects (0ms)
			CreateAndSetChildDomain (1ms)
		EndReloadAssembly (341ms)
			LoadAssemblies (43ms)
			RebuildTransferFunctionScriptingTraits (0ms)
			SetupTypeCache (129ms)
			ReleaseScriptCaches (0ms)
			RebuildScriptCaches (29ms)
			SetupLoadedEditorAssemblies (131ms)
				LogAssemblyErrors (0ms)
				InitializePlatformSupportModulesInManaged (6ms)
				SetLoadedEditorAssemblies (0ms)
				RefreshPlugins (24ms)
				BeforeProcessingInitializeOnLoad (9ms)
				ProcessInitializeOnLoadAttributes (68ms)
				ProcessInitializeOnLoadMethodAttributes (24ms)
				AfterProcessingInitializeOnLoad (0ms)
				EditorAssembliesLoaded (0ms)
			ExecutionOrderSort2 (0ms)
			AwakeInstancesAfterBackupRestoration (0ms)
Platform modules already initialized, skipping
Registering precompiled user dll's ...
Registered in 0.002042 seconds.
Begin MonoManager ReloadAssembly
Native extension for WindowsStandalone target not found
Native extension for WebGL target not found
Refreshing native plugins compatible for Editor in 0.29 ms, found 2 plugins.
Preloading 0 native plugins for Editor in 0.00 ms.
Mono: successfully reloaded assembly
- Completed reload, in  0.843 seconds
Domain Reload Profiling:
	ReloadAssembly (844ms)
		BeginReloadAssembly (133ms)
			ExecutionOrderSort (0ms)
			DisableScriptedObjects (4ms)
			BackupInstance (0ms)
			ReleaseScriptingObjects (0ms)
			CreateAndSetChildDomain (22ms)
		EndReloadAssembly (657ms)
			LoadAssemblies (74ms)
			RebuildTransferFunctionScriptingTraits (0ms)
			SetupTypeCache (221ms)
			ReleaseScriptCaches (0ms)
			RebuildScriptCaches (38ms)
			SetupLoadedEditorAssemblies (247ms)
				LogAssemblyErrors (0ms)
				InitializePlatformSupportModulesInManaged (5ms)
				SetLoadedEditorAssemblies (0ms)
				RefreshPlugins (0ms)
				BeforeProcessingInitializeOnLoad (46ms)
				ProcessInitializeOnLoadAttributes (187ms)
				ProcessInitializeOnLoadMethodAttributes (3ms)
				AfterProcessingInitializeOnLoad (5ms)
				EditorAssembliesLoaded (0ms)
			ExecutionOrderSort2 (0ms)
			AwakeInstancesAfterBackupRestoration (6ms)
Platform modules already initialized, skipping
========================================================================
Worker process is ready to serve import requests
Launched and connected shader compiler UnityShaderCompiler.exe after 0.06 seconds
Refreshing native plugins compatible for Editor in 0.30 ms, found 2 plugins.
Preloading 0 native plugins for Editor in 0.00 ms.
Unloading 1416 Unused Serialized files (Serialized files now loaded: 0)
System memory in use before: 67.8 MB.
System memory in use after: 67.9 MB.

Unloading 16 unused Assets to reduce memory usage. Loaded Objects now: 1856.
Total: 2.848300 ms (FindLiveObjects: 0.194600 ms CreateObjectMapping: 0.058900 ms MarkObjects: 2.491200 ms  DeleteObjects: 0.102800 ms)

AssetImportParameters requested are different than current active one (requested -> active):
  custom:framework-win-MediaFoundation: 216162199b28c13a410421893ffa2e32 -> 
  custom:video-decoder-ogg-theora: a1e56fd34408186e4bbccfd4996cb3dc -> 
  custom:container-muxer-webm: aa71ff27fc2769a1b78a27578f13a17b -> 
  custom:container-demuxer-webm: 4f35f7cbe854078d1ac9338744f61a02 -> 
  custom:container-demuxer-ogg: 62fdf1f143b41e24485cea50d1cbac27 -> 
  custom:video-encoder-webm-vp8: eb34c28f22e8b96e1ab97ce403110664 -> 
  custom:video-codec-MediaFoundation-h265: 746d11721c4dcdbdad8f713fa42b33f4 -> 
  custom:video-decoder-webm-vp8: 9c59270c3fd7afecdb556c50c9e8de78 -> 
  custom:audio-decoder-ogg-vorbis: bf7c407c2cedff20999df2af8eb42d56 -> 
  custom:audio-encoder-webm-vorbis: bf7c407c2cedff20999df2af8eb42d56 -> 
========================================================================
Received Import Request.
  path: Assets/Stylized Astronaut
  artifactKey: Guid(df0476ced95d7444e84ce9abe173be13) Importer(815301076,1909f56bfc062723c751e8b465ee728b)
Start importing Assets/Stylized Astronaut using Guid(df0476ced95d7444e84ce9abe173be13) Importer(815301076,1909f56bfc062723c751e8b465ee728b)  -> (artifact id: '032f4b40326635ca181e7da307b44dac') in 0.007586 seconds 
  Import took 0.009571 seconds .

========================================================================
Received Import Request.
  Time since last request: 5.709905 seconds.
  path: Assets/Scenes/Level1.unity
  artifactKey: Guid(9fc0d4010bbf28b4594072e72b8655ab) Importer(815301076,1909f56bfc062723c751e8b465ee728b)
Start importing Assets/Scenes/Level1.unity using Guid(9fc0d4010bbf28b4594072e72b8655ab) Importer(815301076,1909f56bfc062723c751e8b465ee728b)  -> (artifact id: '642c851050d2705e2b7f58ef90fd36aa') in 0.016247 seconds 
  Import took 0.018180 seconds .

========================================================================
Received Import Request.
  Time since last request: 17.431032 seconds.
  path: Assets/Models/Key
  artifactKey: Guid(73b8df4e41116a6448dd3de04638173b) Importer(815301076,1909f56bfc062723c751e8b465ee728b)
Start importing Assets/Models/Key using Guid(73b8df4e41116a6448dd3de04638173b) Importer(815301076,1909f56bfc062723c751e8b465ee728b)  -> (artifact id: '3b4cb3f6c124f41413909e8a2405a0cc') in 0.007140 seconds 
  Import took 0.009420 seconds .

========================================================================
Received Import Request.
  Time since last request: 54.159924 seconds.
  path: Assets/Models
  artifactKey: Guid(25c01ec8bc4899648983f6b8c2b98eca) Importer(815301076,1909f56bfc062723c751e8b465ee728b)
Start importing Assets/Models using Guid(25c01ec8bc4899648983f6b8c2b98eca) Importer(815301076,1909f56bfc062723c751e8b465ee728b)  -> (artifact id: 'f5163b6e38a2e0da7820acea31198ae3') in 0.015695 seconds 
  Import took 0.018565 seconds .

========================================================================
Received Import Request.
  Time since last request: 162.847158 seconds.
  path: Assets/DL_Fantasy_RPG_Effects/texture/star01.png
  artifactKey: Guid(477b6c425d0e16946a1743050289000e) Importer(815301076,1909f56bfc062723c751e8b465ee728b)
Start importing Assets/DL_Fantasy_RPG_Effects/texture/star01.png using Guid(477b6c425d0e16946a1743050289000e) Importer(815301076,1909f56bfc062723c751e8b465ee728b)  -> (artifact id: '20e26c2085b756c5a001771714eca4e0') in 0.098232 seconds 
  Import took 0.101000 seconds .

========================================================================
Received Import Request.
  Time since last request: 0.001697 seconds.
  path: Assets/DL_Fantasy_RPG_Effects/texture/star01.png
  artifactKey: Guid(477b6c425d0e16946a1743050289000e) Importer(815301076,1909f56bfc062723c751e8b465ee728b)
Start importing Assets/DL_Fantasy_RPG_Effects/texture/star01.png using Guid(477b6c425d0e16946a1743050289000e) Importer(815301076,1909f56bfc062723c751e8b465ee728b)  -> (artifact id: '20e26c2085b756c5a001771714eca4e0') in 0.009323 seconds 
  Import took 0.011524 seconds .

========================================================================
Received Import Request.
  Time since last request: 33.623392 seconds.
  path: Assets/DL_Fantasy_RPG_Effects/prefab/star5.prefab
  artifactKey: Guid(847bc0ce7577e6a4992fb57041d6294b) Importer(815301076,1909f56bfc062723c751e8b465ee728b)
Start importing Assets/DL_Fantasy_RPG_Effects/prefab/star5.prefab using Guid(847bc0ce7577e6a4992fb57041d6294b) Importer(815301076,1909f56bfc062723c751e8b465ee728b)  -> (artifact id: 'f82f339a2a2100c67515ce7cbd4dd4a8') in 0.067862 seconds 
  Import took 0.070315 seconds .

========================================================================
Received Import Request.
  Time since last request: 0.000311 seconds.
  path: Assets/DL_Fantasy_RPG_Effects/material/star01.mat
  artifactKey: Guid(e6fca3a7d05602642b40d8165aa43e04) Importer(815301076,1909f56bfc062723c751e8b465ee728b)
Start importing Assets/DL_Fantasy_RPG_Effects/material/star01.mat using Guid(e6fca3a7d05602642b40d8165aa43e04) Importer(815301076,1909f56bfc062723c751e8b465ee728b)  -> (artifact id: '922fac20587902b65eabaa9074217271') in 0.022564 seconds 
  Import took 0.024642 seconds .

========================================================================
Received Import Request.
  Time since last request: 32.158465 seconds.
  path: Assets/DL_Fantasy_RPG_Effects/material/DL_star.mat
  artifactKey: Guid(0a4f73ca407dfc5438771b316fb9b615) Importer(815301076,1909f56bfc062723c751e8b465ee728b)
Start importing Assets/DL_Fantasy_RPG_Effects/material/DL_star.mat using Guid(0a4f73ca407dfc5438771b316fb9b615) Importer(815301076,1909f56bfc062723c751e8b465ee728b)  -> (artifact id: 'bdf4d41337d5bcb69a3a5b65e1d3cd6b') in 0.020092 seconds 
  Import took 0.022298 seconds .

========================================================================
Received Import Request.
  Time since last request: 0.083875 seconds.
  path: Assets/DL_Fantasy_RPG_Effects/material/DL_star.mat
  artifactKey: Guid(0a4f73ca407dfc5438771b316fb9b615) Importer(815301076,1909f56bfc062723c751e8b465ee728b)
Start importing Assets/DL_Fantasy_RPG_Effects/material/DL_star.mat using Guid(0a4f73ca407dfc5438771b316fb9b615) Importer(815301076,1909f56bfc062723c751e8b465ee728b)  -> (artifact id: 'bdf4d41337d5bcb69a3a5b65e1d3cd6b') in 0.013444 seconds 
  Import took 0.015722 seconds .

========================================================================
Received Prepare
Registering precompiled user dll's ...
Registered in 0.002083 seconds.
Begin MonoManager ReloadAssembly
Native extension for WindowsStandalone target not found
Native extension for WebGL target not found
Refreshing native plugins compatible for Editor in 0.38 ms, found 2 plugins.
Preloading 0 native plugins for Editor in 0.00 ms.
Mono: successfully reloaded assembly
- Completed reload, in  0.773 seconds
Domain Reload Profiling:
	ReloadAssembly (774ms)
		BeginReloadAssembly (91ms)
			ExecutionOrderSort (0ms)
			DisableScriptedObjects (3ms)
			BackupInstance (0ms)
			ReleaseScriptingObjects (0ms)
			CreateAndSetChildDomain (29ms)
		EndReloadAssembly (632ms)
			LoadAssemblies (66ms)
			RebuildTransferFunctionScriptingTraits (0ms)
			SetupTypeCache (219ms)
			ReleaseScriptCaches (1ms)
			RebuildScriptCaches (31ms)
			SetupLoadedEditorAssemblies (232ms)
				LogAssemblyErrors (0ms)
				InitializePlatformSupportModulesInManaged (5ms)
				SetLoadedEditorAssemblies (0ms)
				RefreshPlugins (0ms)
				BeforeProcessingInitializeOnLoad (40ms)
				ProcessInitializeOnLoadAttributes (178ms)
				ProcessInitializeOnLoadMethodAttributes (3ms)
				AfterProcessingInitializeOnLoad (5ms)
				EditorAssembliesLoaded (0ms)
			ExecutionOrderSort2 (0ms)
			AwakeInstancesAfterBackupRestoration (6ms)
Platform modules already initialized, skipping
Refreshing native plugins compatible for Editor in 0.31 ms, found 2 plugins.
Preloading 0 native plugins for Editor in 0.00 ms.
Unloading 1397 Unused Serialized files (Serialized files now loaded: 0)
System memory in use before: 69.7 MB.
System memory in use after: 69.8 MB.

Unloading 11 unused Assets to reduce memory usage. Loaded Objects now: 1899.
Total: 2.485100 ms (FindLiveObjects: 0.133400 ms CreateObjectMapping: 0.033300 ms MarkObjects: 2.304200 ms  DeleteObjects: 0.013400 ms)

AssetImportParameters requested are different than current active one (requested -> active):
  custom:framework-win-MediaFoundation: 216162199b28c13a410421893ffa2e32 -> 
  custom:video-decoder-ogg-theora: a1e56fd34408186e4bbccfd4996cb3dc -> 
  custom:container-muxer-webm: aa71ff27fc2769a1b78a27578f13a17b -> 
  custom:container-demuxer-webm: 4f35f7cbe854078d1ac9338744f61a02 -> 
  custom:container-demuxer-ogg: 62fdf1f143b41e24485cea50d1cbac27 -> 
  custom:video-encoder-webm-vp8: eb34c28f22e8b96e1ab97ce403110664 -> 
  custom:video-codec-MediaFoundation-h265: 746d11721c4dcdbdad8f713fa42b33f4 -> 
  custom:video-decoder-webm-vp8: 9c59270c3fd7afecdb556c50c9e8de78 -> 
  custom:audio-decoder-ogg-vorbis: bf7c407c2cedff20999df2af8eb42d56 -> 
  custom:audio-encoder-webm-vorbis: bf7c407c2cedff20999df2af8eb42d56 -> 
========================================================================
Received Prepare
Registering precompiled user dll's ...
Registered in 0.001928 seconds.
Begin MonoManager ReloadAssembly
Native extension for WindowsStandalone target not found
Native extension for WebGL target not found
Refreshing native plugins compatible for Editor in 0.28 ms, found 2 plugins.
Preloading 0 native plugins for Editor in 0.00 ms.
Mono: successfully reloaded assembly
- Completed reload, in  0.815 seconds
Domain Reload Profiling:
	ReloadAssembly (815ms)
		BeginReloadAssembly (114ms)
			ExecutionOrderSort (0ms)
			DisableScriptedObjects (4ms)
			BackupInstance (0ms)
			ReleaseScriptingObjects (0ms)
			CreateAndSetChildDomain (31ms)
		EndReloadAssembly (648ms)
			LoadAssemblies (75ms)
			RebuildTransferFunctionScriptingTraits (0ms)
			SetupTypeCache (236ms)
			ReleaseScriptCaches (1ms)
			RebuildScriptCaches (33ms)
			SetupLoadedEditorAssemblies (225ms)
				LogAssemblyErrors (0ms)
				InitializePlatformSupportModulesInManaged (5ms)
				SetLoadedEditorAssemblies (0ms)
				RefreshPlugins (0ms)
				BeforeProcessingInitializeOnLoad (41ms)
				ProcessInitializeOnLoadAttributes (170ms)
				ProcessInitializeOnLoadMethodAttributes (3ms)
				AfterProcessingInitializeOnLoad (5ms)
				EditorAssembliesLoaded (0ms)
			ExecutionOrderSort2 (0ms)
			AwakeInstancesAfterBackupRestoration (5ms)
Platform modules already initialized, skipping
Refreshing native plugins compatible for Editor in 0.28 ms, found 2 plugins.
Preloading 0 native plugins for Editor in 0.00 ms.
Unloading 1397 Unused Serialized files (Serialized files now loaded: 0)
System memory in use before: 69.7 MB.
System memory in use after: 69.8 MB.

Unloading 11 unused Assets to reduce memory usage. Loaded Objects now: 1901.
Total: 2.479200 ms (FindLiveObjects: 0.143200 ms CreateObjectMapping: 0.034500 ms MarkObjects: 2.285700 ms  DeleteObjects: 0.014900 ms)

AssetImportParameters requested are different than current active one (requested -> active):
  custom:framework-win-MediaFoundation: 216162199b28c13a410421893ffa2e32 -> 
  custom:video-decoder-ogg-theora: a1e56fd34408186e4bbccfd4996cb3dc -> 
  custom:container-muxer-webm: aa71ff27fc2769a1b78a27578f13a17b -> 
  custom:container-demuxer-webm: 4f35f7cbe854078d1ac9338744f61a02 -> 
  custom:container-demuxer-ogg: 62fdf1f143b41e24485cea50d1cbac27 -> 
  custom:video-encoder-webm-vp8: eb34c28f22e8b96e1ab97ce403110664 -> 
  custom:video-codec-MediaFoundation-h265: 746d11721c4dcdbdad8f713fa42b33f4 -> 
  custom:video-decoder-webm-vp8: 9c59270c3fd7afecdb556c50c9e8de78 -> 
  custom:audio-decoder-ogg-vorbis: bf7c407c2cedff20999df2af8eb42d56 -> 
  custom:audio-encoder-webm-vorbis: bf7c407c2cedff20999df2af8eb42d56 -> 
AssetImportWorkerClient::OnTransportError - code=2 error=End of file
